[06:49:28] [ServerMain/INFO]: [bootstrap] Running Java 21 (OpenJDK 64-Bit Server VM 21.0.8+9-Ubuntu-0ubuntu124.04.1; Ubuntu null) on Linux 6.8.0-1030-azure (amd64)
[06:49:28] [ServerMain/INFO]: [bootstrap] Loading Paper 1.21.8-6-main@782ce95 (2025-07-18T20:26:58Z) for Minecraft 1.21.8
[06:49:28] [ServerMain/INFO]: [PluginInitializerManager] Initializing plugins...
[06:49:29] [ServerMain/INFO]: [PluginInitializerManager] Initialized 3 plugins
[06:49:29] [ServerMain/INFO]: [PluginInitializerManager] Bukkit plugins (3):
 - Geyser-Spigot (2.9.0-SNAPSHOT), ViaVersion (5.5.1), floodgate (2.2.5-SNAPSHOT (b121-55a85ec))
[06:49:34] [ServerMain/INFO]: Environment: Environment[sessionHost=https://sessionserver.mojang.com, servicesHost=https://api.minecraftservices.com, name=PROD]
[06:49:35] [ServerMain/INFO]: Loaded 1407 recipes
[06:49:35] [ServerMain/INFO]: Loaded 1520 advancements
[06:49:35] [ServerMain/INFO]: [ca.spottedleaf.dataconverter.minecraft.datatypes.MCTypeRegistry] Initialising converters for DataConverter...
[06:49:36] [ServerMain/INFO]: [ca.spottedleaf.dataconverter.minecraft.datatypes.MCTypeRegistry] Finished initialising converters for DataConverter in 437.4ms
[06:49:36] [Server thread/INFO]: Starting minecraft server version 1.21.8
[06:49:36] [Server thread/INFO]: Loading properties
[06:49:36] [Server thread/INFO]: This server is running Paper version 1.21.8-6-main@782ce95 (2025-07-18T20:26:58Z) (Implementing API version 1.21.8-R0.1-SNAPSHOT)
[06:49:36] [Server thread/INFO]: [spark] This server bundles the spark profiler. For more information please visit https://docs.papermc.io/paper/profiling
[06:49:36] [Server thread/INFO]: Server Ping Player Sample Count: 12
[06:49:36] [Server thread/INFO]: Using 4 threads for Netty based IO
[06:49:37] [Server thread/INFO]: [MoonriseCommon] Paper is using 1 worker threads, 1 I/O threads
[06:49:37] [Server thread/INFO]: [ChunkTaskScheduler] Chunk system is using population gen parallelism: true
[06:49:37] [Server thread/INFO]: Default game type: SURVIVAL
[06:49:37] [Server thread/INFO]: Generating keypair
[06:49:37] [Server thread/INFO]: Starting Minecraft server on *:25565
[06:49:38] [Server thread/INFO]: Using epoll channel type
[06:49:38] [Server thread/INFO]: Paper: Using libdeflate (Linux x86_64) compression from Velocity.
[06:49:38] [Server thread/INFO]: Paper: Using OpenSSL 3.x.x (Linux x86_64) cipher from Velocity.
[06:49:39] [Server thread/INFO]: [floodgate] Loading server plugin floodgate v2.2.5-SNAPSHOT (b121-55a85ec)
[06:49:39] [Server thread/WARN]: [floodgate] en_ is not a supported Floodgate language.
[06:49:39] [Server thread/INFO]: [floodgate] Took 946ms to boot Floodgate
[06:49:39] [Server thread/INFO]: [ViaVersion] Loading server plugin ViaVersion v5.5.1
[06:49:39] [Server thread/INFO]: [ViaVersion] ViaVersion 5.5.1 is now loaded. Registering protocol transformers and injecting...
[06:49:40] [Via-Mappingloader-0/INFO]: [ViaVersion] Loading block connection mappings ...
[06:49:40] [Via-Mappingloader-0/INFO]: [ViaVersion] Using FastUtil Long2ObjectOpenHashMap for block connections
[06:49:41] [Server thread/INFO]: [Geyser-Spigot] Loading server plugin Geyser-Spigot v2.9.0-SNAPSHOT
[06:49:41] [Server thread/INFO]: [Geyser-Spigot] Loading extensions...
[06:49:41] [Server thread/INFO]: [Geyser-Spigot] Loaded 0 extension(s)
[06:49:41] [Server thread/INFO]: Server permissions file permissions.yml is empty, ignoring it
[06:49:41] [Server thread/WARN]: **** SERVER IS RUNNING IN OFFLINE/INSECURE MODE!
[06:49:41] [Server thread/WARN]: The server will make no attempt to authenticate usernames. Beware.
[06:49:41] [Server thread/WARN]: While this makes the game possible to play without internet access, it also opens up the ability for hackers to connect with any username they choose.
[06:49:41] [Server thread/WARN]: To change this, set "online-mode" to "true" in the server.properties file.
[06:49:41] [Server thread/INFO]: Preparing level "world"
[06:49:42] [Server thread/INFO]: Preparing start region for dimension minecraft:overworld
[06:49:42] [Server thread/INFO]: Preparing spawn area: 0%
[06:49:43] [Server thread/INFO]: Preparing spawn area: 0%
[06:49:43] [Server thread/INFO]: Preparing spawn area: 0%
[06:49:43] [Server thread/INFO]: Time elapsed: 1075 ms
[06:49:43] [Server thread/INFO]: Preparing start region for dimension minecraft:the_nether
[06:49:43] [Server thread/INFO]: Preparing spawn area: 0%
[06:49:43] [Server thread/INFO]: Time elapsed: 228 ms
[06:49:43] [Server thread/INFO]: Preparing start region for dimension minecraft:the_end
[06:49:43] [Server thread/INFO]: Preparing spawn area: 0%
[06:49:43] [Server thread/INFO]: Time elapsed: 128 ms
[06:49:43] [Server thread/INFO]: [floodgate] Enabling floodgate v2.2.5-SNAPSHOT (b121-55a85ec)
[06:49:44] [Server thread/INFO]: [ViaVersion] Enabling ViaVersion v5.5.1
[06:49:44] [Server thread/INFO]: [ViaVersion] ViaVersion detected server version: 1.21.7-1.21.8 (772)
[06:49:44] [Server thread/INFO]: [Geyser-Spigot] Enabling Geyser-Spigot v2.9.0-SNAPSHOT
[06:49:45] [Server thread/INFO]: [spark] Starting background profiler...
[06:49:46] [Server thread/INFO]: [Geyser-Spigot] ******************************************
[06:49:46] [Server thread/INFO]: [Geyser-Spigot] 
[06:49:46] [Server thread/INFO]: [Geyser-Spigot] Loading Geyser version 2.9.0-b971 (git-master-9d5e1cb)
[06:49:46] [Server thread/INFO]: [Geyser-Spigot] 
[06:49:46] [Server thread/INFO]: [Geyser-Spigot] ******************************************
[06:49:49] [pool-15-thread-1/WARN]: [floodgate] 
**********************************
* You specified an empty prefix in your Floodgate config for Bedrock players!
* Should a Java player join and a Bedrock player join with the same username, unwanted results and conflicts will happen!
* We strongly recommend using . as the prefix, but other alternatives that will not conflict include: +, - and *
**********************************
[06:49:49] [Server thread/INFO]: [Geyser-Spigot] Started Geyser on UDP port 25565
[06:49:50] [Server thread/INFO]: [Geyser-Spigot] Done (3.901s)! Run /geyser help for help!
[06:49:50] [Server thread/INFO]: Done preparing level "world" (8.438s)
[06:49:50] [Server thread/INFO]: Running delayed init tasks
[06:49:50] [Server thread/INFO]: Done (22.273s)! For help, type "help"
[06:49:50] [Craft Scheduler Thread - 2 - ViaVersion/INFO]: [ViaVersion] Finished mapping loading, shutting down loader executor.
